<?xml version="1.0" encoding="UTF-8"?>
<!-- Generated by org.testng.reporters.JUnitReportReporter -->
<testsuite hostname="PRINHYLTPHP0476" name="com.imaginea.corridortaskJen.CorridorFeatures" tests="6" failures="0" timestamp="31 Jul 2019 05:48:21 GMT" time="42.489" errors="0">
  <testcase name="mainDriverForChrome" time="4.525" classname="com.imaginea.corridortaskJen.CorridorFeatures"/>
  <testcase name="letsMeet" time="4.171" classname="com.imaginea.corridortaskJen.CorridorFeatures"/>
  <testcase name="HolidayList" time="7.424" classname="com.imaginea.corridortaskJen.CorridorFeatures"/>
  <testcase name="profileLaunch" time="6.949" classname="com.imaginea.corridortaskJen.CorridorFeatures"/>
  <testcase name="TripToPlan" time="4.592" classname="com.imaginea.corridortaskJen.CorridorFeatures"/>
  <testcase name="phoneBook" time="14.828" classname="com.imaginea.corridortaskJen.CorridorFeatures"/>
</testsuite> <!-- com.imaginea.corridortaskJen.CorridorFeatures -->
